<?xml version="1.0" encoding="UTF-8"?>
<testng-results skipped="0" failed="0" ignored="0" total="1" passed="1">
  <reporter-output>
  </reporter-output>
  <suite name="Default suite" duration-ms="17897" started-at="2018-09-16T02:07:58Z" finished-at="2018-09-16T02:08:16Z">
    <groups>
    </groups>
    <test name="Default test" duration-ms="17897" started-at="2018-09-16T02:07:58Z" finished-at="2018-09-16T02:08:16Z">
      <class name="com.manjula.validateTitle">
        <test-method status="PASS" signature="basePageNavigation()[pri:0, instance:com.manjula.validateTitle@5034c75a]" name="basePageNavigation" duration-ms="17815" started-at="2018-09-15T19:07:58Z" finished-at="2018-09-15T19:08:16Z">
          <reporter-output>
          </reporter-output>
        </test-method> <!-- basePageNavigation -->
      </class> <!-- com.manjula.validateTitle -->
    </test> <!-- Default test -->
  </suite> <!-- Default suite -->
</testng-results>
