<?xml version="1.0" encoding="UTF-8"?>
<testng-results skipped="0" failed="0" total="1" passed="1">
  <reporter-output>
  </reporter-output>
  <suite name="Command line suite" duration-ms="43173" started-at="2018-06-22T18:10:35Z" finished-at="2018-06-22T18:11:18Z">
    <groups>
    </groups>
    <test name="Command line test" duration-ms="43173" started-at="2018-06-22T18:10:35Z" finished-at="2018-06-22T18:11:18Z">
      <class name="com.apple.demotests.testpages.TestClass">
        <test-method status="PASS" signature="setUp()[pri:0, instance:com.apple.demotests.testpages.TestClass@180bc464]" name="setUp" is-config="true" duration-ms="5260" started-at="2018-06-22T11:10:35Z" finished-at="2018-06-22T11:10:40Z">
          <reporter-output>
          </reporter-output>
        </test-method> <!-- setUp -->
        <test-method status="PASS" signature="transactionFailsForIncorrectPaymentInfo()[pri:0, instance:com.apple.demotests.testpages.TestClass@180bc464]" name="transactionFailsForIncorrectPaymentInfo" duration-ms="36540" started-at="2018-06-22T11:10:40Z" finished-at="2018-06-22T11:11:17Z">
          <reporter-output>
          </reporter-output>
        </test-method> <!-- transactionFailsForIncorrectPaymentInfo -->
        <test-method status="PASS" signature="tearDown()[pri:0, instance:com.apple.demotests.testpages.TestClass@180bc464]" name="tearDown" is-config="true" duration-ms="1357" started-at="2018-06-22T11:11:17Z" finished-at="2018-06-22T11:11:18Z">
          <reporter-output>
          </reporter-output>
        </test-method> <!-- tearDown -->
      </class> <!-- com.apple.demotests.testpages.TestClass -->
    </test> <!-- Command line test -->
  </suite> <!-- Command line suite -->
</testng-results>
