<?xml version="1.0" encoding="UTF-8"?>
<!-- Generated by org.testng.reporters.JUnitXMLReporter -->
<testsuite hostname="DESKTOP-LNUQ5F6" ignored="0" name="Default test" tests="3" failures="0" timestamp="08 Jul 2017 05:12:21 GMT" time="57.272" errors="0">
  <testcase name="headerLinksTest" time="0.259" classname="com.sharma.HomePageTest"/>
  <testcase name="searchTest" time="8.66" classname="com.sharma.HomePageTest"/>
  <testcase name="sliderImagesTest" time="0.126" classname="com.sharma.HomePageTest"/>
</testsuite> <!-- Default test -->
